2024-12-30 12:51:49,886 - uvicorn.error - INFO - Started server process [56159]
2024-12-30 12:51:49,889 - uvicorn.error - INFO - Waiting for application startup.
2024-12-30 12:51:49,891 - uvicorn.error - INFO - Application startup complete.
2024-12-30 12:52:01,856 - backend.newsletter.utils.api_utils - ERROR - Error processing Reddit content: RedditScraperUtils.__init__() missing 1 required positional argument: 'subreddits'
2024-12-30 12:53:42,298 - backend.newsletter.utils.api_utils - ERROR - Error processing Reddit content: RedditScraperUtils.__init__() missing 1 required positional argument: 'subreddits'
2024-12-30 12:53:42,302 - uvicorn.error - INFO - Shutting down
2024-12-30 12:53:47,407 - uvicorn.error - INFO - Waiting for application shutdown.
2024-12-30 12:53:47,410 - uvicorn.error - INFO - Application shutdown complete.
2024-12-30 12:53:47,411 - uvicorn.error - INFO - Finished server process [56159]
2024-12-30 12:53:51,473 - uvicorn.error - INFO - Started server process [57946]
2024-12-30 12:53:51,476 - uvicorn.error - INFO - Waiting for application startup.
2024-12-30 12:53:51,477 - uvicorn.error - INFO - Application startup complete.
2024-12-30 12:54:42,998 - backend.newsletter.utils.api_utils - ERROR - Error processing Reddit content: Required configuration setting 'client_id' missing. 
This setting can be provided in a praw.ini file, as a keyword argument to the Reddit class constructor, or as an environment variable.
2024-12-30 13:17:21,188 - uvicorn.error - INFO - Shutting down
2024-12-30 13:17:21,289 - uvicorn.error - INFO - Waiting for application shutdown.
2024-12-30 13:17:21,291 - uvicorn.error - INFO - Application shutdown complete.
2024-12-30 13:17:21,292 - uvicorn.error - INFO - Finished server process [57946]
2024-12-30 13:17:25,389 - uvicorn.error - INFO - Started server process [77018]
2024-12-30 13:17:25,391 - uvicorn.error - INFO - Waiting for application startup.
2024-12-30 13:17:25,393 - uvicorn.error - INFO - Application startup complete.
2024-12-30 13:17:30,842 - backend.newsletter.utils.api_utils - ERROR - Error processing Reddit content: Required configuration setting 'client_id' missing. 
This setting can be provided in a praw.ini file, as a keyword argument to the Reddit class constructor, or as an environment variable.
2024-12-30 13:18:19,133 - uvicorn.error - INFO - Shutting down
2024-12-30 13:18:19,235 - uvicorn.error - INFO - Waiting for application shutdown.
2024-12-30 13:18:19,236 - uvicorn.error - INFO - Application shutdown complete.
2024-12-30 13:18:19,237 - uvicorn.error - INFO - Finished server process [77018]
2024-12-30 13:18:23,698 - uvicorn.error - INFO - Started server process [77876]
2024-12-30 13:18:23,701 - uvicorn.error - INFO - Waiting for application startup.
2024-12-30 13:18:23,703 - uvicorn.error - INFO - Application startup complete.
2024-12-30 13:18:38,989 - backend.newsletter.utils.api_utils - ERROR - Error processing Reddit content: Required configuration setting 'client_id' missing. 
This setting can be provided in a praw.ini file, as a keyword argument to the Reddit class constructor, or as an environment variable.
2024-12-30 13:19:40,993 - uvicorn.error - INFO - Shutting down
2024-12-30 13:19:46,097 - uvicorn.error - INFO - Waiting for application shutdown.
2024-12-30 13:19:46,100 - uvicorn.error - INFO - Application shutdown complete.
2024-12-30 13:19:46,101 - uvicorn.error - INFO - Finished server process [77876]
2024-12-30 13:19:50,166 - uvicorn.error - INFO - Started server process [79177]
2024-12-30 13:19:50,168 - uvicorn.error - INFO - Waiting for application startup.
2024-12-30 13:19:50,171 - uvicorn.error - INFO - Application startup complete.
2024-12-30 13:20:14,945 - backend.newsletter.utils.api_utils - ERROR - Error processing Reddit content: Required configuration setting 'client_id' missing. 
This setting can be provided in a praw.ini file, as a keyword argument to the Reddit class constructor, or as an environment variable.
2024-12-30 13:20:45,744 - uvicorn.error - INFO - Shutting down
2024-12-30 13:20:45,859 - uvicorn.error - INFO - Waiting for application shutdown.
2024-12-30 13:20:45,860 - uvicorn.error - INFO - Application shutdown complete.
2024-12-30 13:20:45,861 - uvicorn.error - INFO - Finished server process [79177]
2024-12-30 13:20:50,341 - uvicorn.error - INFO - Started server process [80060]
2024-12-30 13:20:50,343 - uvicorn.error - INFO - Waiting for application startup.
2024-12-30 13:20:50,346 - uvicorn.error - INFO - Application startup complete.
2024-12-30 13:21:00,022 - backend.newsletter.utils.api_utils - ERROR - Error processing Reddit content: Required configuration setting 'client_id' missing. 
This setting can be provided in a praw.ini file, as a keyword argument to the Reddit class constructor, or as an environment variable.
2024-12-30 13:21:13,434 - uvicorn.error - INFO - Started server process [80426]
2024-12-30 13:21:13,436 - uvicorn.error - INFO - Waiting for application startup.
2024-12-30 13:21:13,438 - uvicorn.error - INFO - Application startup complete.
2024-12-30 13:22:36,958 - backend.newsletter.utils.api_utils - ERROR - Error processing Reddit content: Required configuration setting 'client_id' missing. 
This setting can be provided in a praw.ini file, as a keyword argument to the Reddit class constructor, or as an environment variable.
2024-12-30 13:22:36,962 - uvicorn.error - INFO - Shutting down
2024-12-30 13:22:42,066 - uvicorn.error - INFO - Waiting for application shutdown.
2024-12-30 13:22:42,069 - uvicorn.error - INFO - Application shutdown complete.
2024-12-30 13:22:42,070 - uvicorn.error - INFO - Finished server process [80426]
2024-12-30 13:22:58,779 - uvicorn.error - INFO - Started server process [81838]
2024-12-30 13:22:58,782 - uvicorn.error - INFO - Waiting for application startup.
2024-12-30 13:22:58,784 - uvicorn.error - INFO - Application startup complete.
2024-12-30 13:23:05,948 - praw - WARNING - It appears that you are using PRAW in an asynchronous environment.
It is strongly recommended to use Async PRAW: https://asyncpraw.readthedocs.io.
See https://praw.readthedocs.io/en/latest/getting_started/multiple_instances.html#discord-bots-and-asynchronous-environments for more info.

2024-12-30 13:23:06,567 - praw - WARNING - It appears that you are using PRAW in an asynchronous environment.
It is strongly recommended to use Async PRAW: https://asyncpraw.readthedocs.io.
See https://praw.readthedocs.io/en/latest/getting_started/multiple_instances.html#discord-bots-and-asynchronous-environments for more info.

2024-12-30 13:23:06,844 - backend.newsletter.utils.api_utils - ERROR - Error processing Reddit content: RedditFormatUtils.__init__() takes from 2 to 3 positional arguments but 4 were given
2024-12-30 13:24:42,450 - uvicorn.error - INFO - Shutting down
2024-12-30 13:24:42,553 - uvicorn.error - INFO - Waiting for application shutdown.
2024-12-30 13:24:42,554 - uvicorn.error - INFO - Application shutdown complete.
2024-12-30 13:24:42,555 - uvicorn.error - INFO - Finished server process [81838]
2024-12-30 13:25:00,924 - uvicorn.error - INFO - Started server process [83620]
2024-12-30 13:25:00,926 - uvicorn.error - INFO - Waiting for application startup.
2024-12-30 13:25:00,928 - uvicorn.error - INFO - Application startup complete.
2024-12-30 13:25:03,855 - uvicorn.error - INFO - Shutting down
2024-12-30 13:25:03,958 - uvicorn.error - INFO - Finished server process [83620]
2024-12-30 13:25:03,963 - uvicorn.error - ERROR - Traceback (most recent call last):
  File "/Users/onr/Library/Caches/pypoetry/virtualenvs/newsletter-EJPEa2pQ-py3.12/lib/python3.12/site-packages/starlette/routing.py", line 624, in lifespan
    await receive()
  File "/Users/onr/Library/Caches/pypoetry/virtualenvs/newsletter-EJPEa2pQ-py3.12/lib/python3.12/site-packages/uvicorn/lifespan/on.py", line 135, in receive
    return await self.receive_queue.get()
           ^^^^^^^^^^^^^^^^^^^^^^^^^^^^^^
  File "/usr/local/Cellar/python@3.12/3.12.8/Frameworks/Python.framework/Versions/3.12/lib/python3.12/asyncio/queues.py", line 158, in get
    await getter
asyncio.exceptions.CancelledError

