2024-12-30 09:02:32,391 - __main__ - INFO - No new videos from @AndreiJikh
2024-12-30 09:02:33,205 - __main__ - INFO - Latest videos from @CryptoBanterGroup:
2024-12-30 09:02:33,935 - __main__ - ERROR - Error generating video summary: 
Could not retrieve a transcript for the video https://www.youtube.com/watch?v=Uxl8XhtqG5w! This is most likely caused by:

Subtitles are disabled for this video

If you are sure that the described cause is not responsible for this error and that a transcript should be retrievable, please create an issue at https://github.com/jdepoix/youtube-transcript-api/issues. Please add which version of youtube_transcript_api you are using and provide the information needed to replicate the error. Also make sure that there are no open issues which already describe your problem!
2024-12-30 09:02:40,809 - __main__ - ERROR - Error generating video summary: [Errno 2] No such file or directory: './generated/md/(@CryptoBanterGroup)_Bitcoin Warning: Most Crypto Investors Have Missed This!_2024-12-30 07:00:07.md'
2024-12-30 09:02:46,025 - __main__ - ERROR - Error generating video summary: [Errno 2] No such file or directory: './generated/md/(@CryptoBanterGroup)_I Just Made $3000 In 20 Minutes In Crypto! [YOU CAN TOO]_2024-12-29 14:15:06.md'
2024-12-30 09:02:46,806 - __main__ - INFO - Latest videos from @CoinBureau:
2024-12-30 09:02:47,612 - __main__ - ERROR - Error generating video summary: 
Could not retrieve a transcript for the video https://www.youtube.com/watch?v=V6cySHtfms0! This is most likely caused by:

Subtitles are disabled for this video

If you are sure that the described cause is not responsible for this error and that a transcript should be retrievable, please create an issue at https://github.com/jdepoix/youtube-transcript-api/issues. Please add which version of youtube_transcript_api you are using and provide the information needed to replicate the error. Also make sure that there are no open issues which already describe your problem!
2024-12-30 09:02:53,031 - __main__ - ERROR - Error generating video summary: [Errno 2] No such file or directory: './generated/md/(@CoinBureau)_Coin Bureau Crypto Predictions 2025: Here&#39;s What Comes Next!!_2024-12-29 12:42:50.md'
2024-12-30 09:02:53,898 - __main__ - INFO - No new videos from @CryptoCrewUniversity
2024-12-30 09:02:54,639 - __main__ - INFO - No new videos from @CryptoDaily
2024-12-30 09:02:55,424 - __main__ - INFO - Latest videos from @DataDash:
2024-12-30 09:03:01,990 - __main__ - ERROR - Error generating video summary: [Errno 2] No such file or directory: './generated/md/(@DataDash)_The Bitcoin Collapse Is About To Get Worse..._2024-12-30 11:01:13.md'
2024-12-30 09:03:02,905 - __main__ - INFO - No new videos from @IvanOnTech
2024-12-30 09:03:03,625 - __main__ - INFO - No new videos from @MitchRayTA
2024-12-30 09:03:03,625 - __main__ - INFO - All video summaries generated successfully
2024-12-30 09:06:02,447 - __main__ - INFO - Ensured required directories exist
2024-12-30 09:06:03,236 - __main__ - INFO - No new videos with captions from @AndreiJikh
2024-12-30 09:06:04,375 - __main__ - INFO - Latest videos with captions from @CryptoBanterGroup:
2024-12-30 09:06:05,124 - __main__ - INFO - Skipping video (@CryptoBanterGroup)_The EU Regulates Crypto, MiCA Goes LIVE Today! (URGENT!)_2024-12-30 10:16:17 - No transcript available
2024-12-30 09:06:12,579 - __main__ - INFO - Video summary generated successfully for (@CryptoBanterGroup)_I Just Made $3000 In 20 Minutes In Crypto! [YOU CAN TOO]_2024-12-29 14:15:06
2024-12-30 09:06:13,788 - __main__ - INFO - Latest videos with captions from @CoinBureau:
2024-12-30 09:06:18,623 - __main__ - INFO - Video summary generated successfully for (@CoinBureau)_Coin Bureau Crypto Predictions 2025: Here&#39;s What Comes Next!!_2024-12-29 12:42:50
2024-12-30 09:06:19,332 - __main__ - INFO - No new videos with captions from @CryptoCrewUniversity
2024-12-30 09:06:20,237 - __main__ - INFO - No new videos with captions from @CryptoDaily
2024-12-30 09:06:21,078 - __main__ - INFO - Latest videos with captions from @DataDash:
2024-12-30 09:06:26,808 - __main__ - INFO - Video summary generated successfully for (@DataDash)_The Bitcoin Collapse Is About To Get Worse..._2024-12-30 11:01:13
2024-12-30 09:06:27,610 - __main__ - INFO - No new videos with captions from @IvanOnTech
2024-12-30 09:06:28,509 - __main__ - INFO - No new videos with captions from @MitchRayTA
2024-12-30 09:06:28,510 - __main__ - INFO - All video summaries generated successfully
2024-12-30 09:13:36,071 - __main__ - INFO - Ensured required directories exist
2024-12-30 09:13:36,071 - __main__ - INFO - HTTP server started in background
2024-12-30 09:13:36,984 - __main__ - INFO - No new videos with captions from @AndreiJikh
2024-12-30 09:13:38,434 - __main__ - INFO - Latest videos with captions from @CryptoBanterGroup:
2024-12-30 09:13:39,177 - __main__ - INFO - Skipping video (@CryptoBanterGroup)_The EU Regulates Crypto, MiCA Goes LIVE Today! (URGENT!)_2024-12-30 10:16:17 - No transcript available
2024-12-30 09:13:39,857 - __main__ - INFO - Server started at http://localhost:8000
2024-12-30 09:13:48,024 - __main__ - INFO - Video summary generated successfully for (@CryptoBanterGroup)_Bitcoin Warning: Most Crypto Investors Have Missed This!_2024-12-30 07:00:07
2024-12-30 09:13:54,451 - __main__ - INFO - Video summary generated successfully for (@CryptoBanterGroup)_I Just Made $3000 In 20 Minutes In Crypto! [YOU CAN TOO]_2024-12-29 14:15:06
2024-12-30 09:13:55,436 - __main__ - INFO - Latest videos with captions from @CoinBureau:
2024-12-30 09:14:05,646 - __main__ - INFO - Video summary generated successfully for (@CoinBureau)_Coin Bureau Crypto Predictions 2025: Here&#39;s What Comes Next!!_2024-12-29 12:42:50
2024-12-30 09:14:06,369 - __main__ - INFO - No new videos with captions from @CryptoCrewUniversity
2024-12-30 09:14:07,142 - __main__ - INFO - No new videos with captions from @CryptoDaily
2024-12-30 09:14:08,057 - __main__ - INFO - Latest videos with captions from @DataDash:
2024-12-30 09:14:16,116 - __main__ - INFO - Video summary generated successfully for (@DataDash)_The Bitcoin Collapse Is About To Get Worse..._2024-12-30 11:01:13
2024-12-30 09:14:16,817 - __main__ - INFO - No new videos with captions from @IvanOnTech
2024-12-30 09:14:17,635 - __main__ - INFO - No new videos with captions from @MitchRayTA
2024-12-30 09:14:18,974 - __main__ - INFO - Latest videos with captions from @Altcoin_Daily:
2024-12-30 09:14:26,658 - __main__ - INFO - Video summary generated successfully for (@Altcoin_Daily)_How Elastos is Building The New Internet on Bitcoin | Expert Interview_2024-12-30 14:00:24
2024-12-30 09:14:32,869 - __main__ - INFO - Video summary generated successfully for (@Altcoin_Daily)_Michael Saylor: Prepare for &#39;Next Big&#39; Crypto Crash? (Bitcoin Manipulated)_2024-12-29 19:54:21
2024-12-30 09:14:39,860 - __main__ - INFO - Video summary generated successfully for (@Altcoin_Daily)_Owning Just .01 Bitcoin Will Be Life Changing | Michael Saylor_2024-12-29 19:54:14
2024-12-30 09:14:46,786 - __main__ - INFO - Video summary generated successfully for (@Altcoin_Daily)_The Next 100x Crypto Will Be On Coinbase’s Base Chain? | BasedTurbo_2024-12-29 16:20:52
2024-12-30 09:14:47,487 - __main__ - INFO - No new videos with captions from @BitBoyCrypto
2024-12-30 09:14:48,171 - __main__ - INFO - No new videos with captions from @MMCrypto
2024-12-30 09:14:48,835 - __main__ - INFO - No new videos with captions from @BenjaminCowen
2024-12-30 09:14:49,812 - __main__ - INFO - Latest videos with captions from @TheMoonCarl:
2024-12-30 09:14:58,448 - __main__ - INFO - Video summary generated successfully for (@TheMoonCarl)_EXTREMELY SCARY FOR BITCOIN !!!!!_2024-12-30 09:41:31
2024-12-30 09:14:59,131 - __main__ - INFO - No new videos with captions from @Sheldon_Sniper
2024-12-30 09:14:59,940 - __main__ - INFO - No new videos with captions from @CryptoMichNL
2024-12-30 09:15:00,664 - __main__ - INFO - No new videos with captions from @RaoulGMI
2024-12-30 09:15:01,589 - __main__ - INFO - Latest videos with captions from @ThinkingCrypto:
2024-12-30 09:15:09,599 - __main__ - INFO - Video summary generated successfully for (@ThinkingCrypto)_🚨WARNING! IRS CRYPTO TAX NEWS YOU NEED TO KNOW NOW!_2024-12-30 03:44:05
2024-12-30 09:15:15,447 - __main__ - INFO - Video summary generated successfully for (@ThinkingCrypto)_🚨 BITCOIN IS A BASE LAYER FOR CAPITAL FORMATION! | Mark Yusko_2024-12-29 15:27:02
2024-12-30 09:15:16,400 - __main__ - INFO - Latest videos with captions from @CryptosRUs:
2024-12-30 09:15:24,966 - __main__ - INFO - Video summary generated successfully for (@CryptosRUs)_Bitcoin&#39;s Last Days of December...Where is the Rally?_2024-12-29 23:30:04
2024-12-30 09:15:25,731 - __main__ - INFO - No new videos with captions from @CryptoZombie
2024-12-30 09:15:26,617 - __main__ - INFO - Latest videos with captions from @BlockchainBacker:
2024-12-30 09:15:34,245 - __main__ - INFO - Video summary generated successfully for (@BlockchainBacker)_Crypto Market Gears Up for 2025, XRP Price Chart Range Completing with Altcoins, Bitcoin Lulls_2024-12-30 13:44:33
2024-12-30 09:15:34,245 - __main__ - INFO - All video summaries generated successfully
2024-12-30 09:20:53,787 - __main__ - INFO - Shutting down server...
2024-12-30 09:22:25,737 - __main__ - INFO - Starting in serve-only mode
2024-12-30 09:22:25,738 - __main__ - INFO - Created/updated root index.html
2024-12-30 09:22:25,738 - __main__ - INFO - HTTP server started in background
2024-12-30 09:22:25,837 - __main__ - INFO - Server started at http://localhost:8000
2024-12-30 09:25:53,890 - __main__ - INFO - Shutting down server...
2024-12-30 09:25:56,653 - __main__ - INFO - Starting in serve-only mode
2024-12-30 09:25:56,653 - __main__ - INFO - Created/updated root index.html
2024-12-30 09:25:56,654 - __main__ - INFO - HTTP server started in background
2024-12-30 09:26:00,344 - __main__ - INFO - Shutting down server...
2024-12-30 09:26:13,722 - __main__ - INFO - Starting in serve-only mode
2024-12-30 09:26:13,723 - __main__ - INFO - Created/updated root index.html
2024-12-30 09:26:13,723 - __main__ - INFO - HTTP server started in background
2024-12-30 09:26:31,014 - __main__ - INFO - Shutting down server...
2024-12-30 09:26:32,897 - __main__ - INFO - Starting in serve-only mode
2024-12-30 09:26:32,899 - __main__ - INFO - Created/updated root index.html
2024-12-30 09:26:32,899 - __main__ - INFO - HTTP server started in background
2024-12-30 09:26:32,900 - newsletter.utils.html_server_utils - INFO - Server started at http://localhost:8001
2024-12-30 09:27:13,710 - __main__ - INFO - Shutting down server...
2024-12-30 09:27:16,104 - __main__ - INFO - Starting in serve-only mode
2024-12-30 09:27:16,105 - __main__ - INFO - Created/updated root index.html
2024-12-30 09:27:16,105 - __main__ - INFO - HTTP server started in background
2024-12-30 09:27:22,274 - __main__ - INFO - Shutting down server...
2024-12-30 09:27:24,283 - __main__ - INFO - Starting in serve-only mode
2024-12-30 09:27:24,283 - __main__ - INFO - Created/updated root index.html
2024-12-30 09:27:24,284 - __main__ - INFO - HTTP server started in background
2024-12-30 09:27:24,284 - newsletter.utils.html_server_utils - INFO - Server started at http://localhost:8002
2024-12-30 09:27:31,215 - __main__ - INFO - Shutting down server...
2024-12-30 09:28:13,794 - __main__ - INFO - Starting in serve-only mode
2024-12-30 09:28:13,794 - __main__ - INFO - Created/updated root index.html
2024-12-30 09:28:13,795 - __main__ - INFO - HTTP server started in background
2024-12-30 09:28:13,800 - __main__ - INFO - Server started at http://localhost:8000
2024-12-30 09:28:35,437 - __main__ - INFO - Shutting down server...
2024-12-30 09:28:40,956 - __main__ - INFO - Starting in serve-only mode
2024-12-30 09:28:40,957 - __main__ - INFO - Created/updated root index.html
2024-12-30 09:28:40,957 - __main__ - INFO - HTTP server started in background
2024-12-30 09:28:40,963 - __main__ - INFO - Server started at http://localhost:8000
2024-12-30 09:29:04,702 - __main__ - INFO - Shutting down server...
2024-12-30 09:29:29,313 - __main__ - INFO - Starting in serve-only mode
2024-12-30 09:29:29,313 - __main__ - INFO - Created/updated root index.html
2024-12-30 09:29:29,313 - __main__ - INFO - HTTP server started in background
2024-12-30 09:29:29,318 - __main__ - INFO - Server started at http://localhost:8000
2024-12-30 09:29:38,596 - __main__ - INFO - Shutting down server...
2024-12-30 10:04:40,977 - __main__ - INFO - Starting full process mode
2024-12-30 10:04:40,978 - __main__ - INFO - Ensured required directories exist
2024-12-30 10:04:40,978 - __main__ - INFO - HTTP server started in background
2024-12-30 10:04:40,978 - __main__ - INFO - Starting Reddit content processing
2024-12-30 10:04:40,991 - __main__ - INFO - Server started at http://localhost:8000
2024-12-30 10:04:52,312 - __main__ - INFO - Reddit content processed successfully
2024-12-30 10:04:53,104 - __main__ - INFO - No new videos with captions from @AndreiJikh
2024-12-30 10:04:53,936 - __main__ - INFO - Latest videos with captions from @CryptoBanterGroup:
2024-12-30 10:04:53,936 - __main__ - ERROR - Error in main process: generate_video_summary() missing 1 required positional argument: 'file_name'
2024-12-30 10:06:47,143 - __main__ - INFO - Starting full process mode
2024-12-30 10:06:47,144 - __main__ - INFO - Ensured required directories exist
2024-12-30 10:06:47,144 - __main__ - INFO - HTTP server started in background
2024-12-30 10:06:47,144 - __main__ - INFO - Starting Reddit content processing
2024-12-30 10:06:47,149 - __main__ - INFO - Server started at http://localhost:8000
2024-12-30 10:06:58,777 - __main__ - INFO - Reddit content processed successfully
2024-12-30 10:06:59,519 - __main__ - INFO - No new videos with captions from @AndreiJikh
2024-12-30 10:07:00,353 - __main__ - INFO - Latest videos with captions from @CryptoBanterGroup:
2024-12-30 10:07:01,314 - __main__ - ERROR - Error generating video summary: [Errno 2] No such file or directory: './generated/youtube/20241230/20241230/(@CryptoBanterGroup)_The EU Regulates Crypto, MiCA Goes LIVE Today! (URGENT!)_2024-12-30 14:15:07_transcript.md'
2024-12-30 10:07:02,178 - __main__ - ERROR - Error generating video summary: [Errno 2] No such file or directory: './generated/youtube/20241230/20241230/(@CryptoBanterGroup)_Bitcoin Warning: Most Crypto Investors Have Missed This!_2024-12-30 07:00:07_transcript.md'
2024-12-30 10:07:02,941 - __main__ - ERROR - Error generating video summary: [Errno 2] No such file or directory: './generated/youtube/20241230/20241230/(@CryptoBanterGroup)_I Just Made $3000 In 20 Minutes In Crypto! [YOU CAN TOO]_2024-12-29 14:15:06_transcript.md'
2024-12-30 10:07:03,929 - __main__ - INFO - Latest videos with captions from @CoinBureau:
2024-12-30 10:07:04,679 - __main__ - ERROR - Error generating video summary: [Errno 2] No such file or directory: './generated/youtube/20241230/20241230/(@CoinBureau)_Crypto News: BTC Stalls, SOL Weakens, USDT FUD, XRP &amp; HBAR ETF 2025?_2024-12-30 14:18:32_transcript.md'
2024-12-30 10:07:05,472 - __main__ - ERROR - Error generating video summary: [Errno 2] No such file or directory: './generated/youtube/20241230/20241230/(@CoinBureau)_Coin Bureau Crypto Predictions 2025: Here&#39;s What Comes Next!!_2024-12-29 12:42:50_transcript.md'
2024-12-30 10:07:06,286 - __main__ - INFO - No new videos with captions from @CryptoCrewUniversity
2024-12-30 10:07:07,107 - __main__ - INFO - No new videos with captions from @CryptoDaily
2024-12-30 10:07:07,925 - __main__ - INFO - Latest videos with captions from @DataDash:
2024-12-30 10:07:08,859 - __main__ - ERROR - Error generating video summary: [Errno 2] No such file or directory: './generated/youtube/20241230/20241230/(@DataDash)_The Bitcoin Collapse Is About To Get Worse..._2024-12-30 11:01:13_transcript.md'
2024-12-30 10:07:09,767 - __main__ - INFO - No new videos with captions from @IvanOnTech
2024-12-30 10:07:10,281 - __main__ - INFO - No new videos with captions from @MitchRayTA
2024-12-30 10:07:10,905 - __main__ - INFO - No new videos with captions from @Altcoin_Daily
2024-12-30 10:07:11,406 - __main__ - INFO - No new videos with captions from @BitBoyCrypto
2024-12-30 10:07:11,658 - __main__ - INFO - No new videos with captions from @MMCrypto
2024-12-30 10:07:11,847 - __main__ - INFO - No new videos with captions from @BenjaminCowen
2024-12-30 10:07:12,013 - __main__ - INFO - No new videos with captions from @TheMoonCarl
2024-12-30 10:07:12,203 - __main__ - INFO - No new videos with captions from @Sheldon_Sniper
2024-12-30 10:07:12,423 - __main__ - INFO - No new videos with captions from @CryptoMichNL
2024-12-30 10:07:12,690 - __main__ - INFO - No new videos with captions from @RaoulGMI
2024-12-30 10:07:12,903 - __main__ - INFO - No new videos with captions from @ThinkingCrypto
2024-12-30 10:07:13,117 - __main__ - INFO - No new videos with captions from @CryptosRUs
2024-12-30 10:07:13,370 - __main__ - INFO - No new videos with captions from @CryptoZombie
2024-12-30 10:07:13,602 - __main__ - INFO - No new videos with captions from @BlockchainBacker
2024-12-30 10:07:13,603 - __main__ - INFO - Updated root index.html
2024-12-30 10:07:13,603 - __main__ - INFO - All content generated successfully
2024-12-30 10:07:19,516 - __main__ - INFO - Shutting down server...
2024-12-30 10:08:54,482 - __main__ - INFO - Starting full process mode
2024-12-30 10:08:54,482 - __main__ - INFO - Ensured required directories exist
2024-12-30 10:08:54,483 - __main__ - INFO - HTTP server started in background
2024-12-30 10:08:54,483 - __main__ - INFO - Starting Reddit content processing
2024-12-30 10:08:54,489 - __main__ - INFO - Server started at http://localhost:8000
2024-12-30 10:09:07,296 - __main__ - INFO - Reddit content processed successfully
2024-12-30 10:09:07,546 - __main__ - INFO - No new videos with captions from @AndreiJikh
2024-12-30 10:09:07,759 - __main__ - INFO - No new videos with captions from @CryptoBanterGroup
2024-12-30 10:09:07,932 - __main__ - INFO - No new videos with captions from @CoinBureau
2024-12-30 10:09:08,162 - __main__ - INFO - No new videos with captions from @CryptoCrewUniversity
2024-12-30 10:09:08,389 - __main__ - INFO - No new videos with captions from @CryptoDaily
2024-12-30 10:09:08,594 - __main__ - INFO - No new videos with captions from @DataDash
2024-12-30 10:09:08,769 - __main__ - INFO - No new videos with captions from @IvanOnTech
2024-12-30 10:09:08,983 - __main__ - INFO - No new videos with captions from @MitchRayTA
2024-12-30 10:09:09,196 - __main__ - INFO - No new videos with captions from @Altcoin_Daily
2024-12-30 10:09:09,411 - __main__ - INFO - No new videos with captions from @BitBoyCrypto
2024-12-30 10:09:09,624 - __main__ - INFO - No new videos with captions from @MMCrypto
2024-12-30 10:09:09,802 - __main__ - INFO - No new videos with captions from @BenjaminCowen
2024-12-30 10:09:09,994 - __main__ - INFO - No new videos with captions from @TheMoonCarl
2024-12-30 10:09:10,194 - __main__ - INFO - No new videos with captions from @Sheldon_Sniper
2024-12-30 10:09:10,403 - __main__ - INFO - No new videos with captions from @CryptoMichNL
2024-12-30 10:09:10,594 - __main__ - INFO - No new videos with captions from @RaoulGMI
2024-12-30 10:09:10,781 - __main__ - INFO - No new videos with captions from @ThinkingCrypto
2024-12-30 10:09:10,961 - __main__ - INFO - No new videos with captions from @CryptosRUs
2024-12-30 10:09:11,151 - __main__ - INFO - No new videos with captions from @CryptoZombie
2024-12-30 10:09:11,337 - __main__ - INFO - No new videos with captions from @BlockchainBacker
2024-12-30 10:09:11,338 - __main__ - INFO - Updated root index.html
2024-12-30 10:09:11,338 - __main__ - INFO - All content generated successfully
2024-12-30 10:10:46,365 - __main__ - INFO - Shutting down server...
2024-12-30 10:10:48,035 - __main__ - INFO - Starting full process mode
2024-12-30 10:10:48,035 - __main__ - INFO - Ensured required directories exist
2024-12-30 10:10:48,035 - __main__ - INFO - HTTP server started in background
2024-12-30 10:10:48,035 - __main__ - INFO - Starting Reddit content processing
2024-12-30 10:10:48,041 - __main__ - INFO - Server started at http://localhost:8000
2024-12-30 10:10:57,774 - __main__ - INFO - Reddit content processed successfully
2024-12-30 10:10:58,055 - newsletter.utils.youtube_scraper_utils - WARNING - No channel found for @AndreiJikh
2024-12-30 10:10:58,193 - __main__ - INFO - No new videos with captions from @AndreiJikh
2024-12-30 10:10:58,447 - newsletter.utils.youtube_scraper_utils - WARNING - No channel found for @CryptoBanterGroup
2024-12-30 10:10:58,565 - __main__ - INFO - No new videos with captions from @CryptoBanterGroup
2024-12-30 10:10:58,834 - newsletter.utils.youtube_scraper_utils - WARNING - No channel found for @CoinBureau
2024-12-30 10:10:58,926 - __main__ - INFO - No new videos with captions from @CoinBureau
2024-12-30 10:10:59,136 - newsletter.utils.youtube_scraper_utils - WARNING - No channel found for @CryptoCrewUniversity
2024-12-30 10:10:59,256 - __main__ - INFO - No new videos with captions from @CryptoCrewUniversity
2024-12-30 10:10:59,506 - newsletter.utils.youtube_scraper_utils - WARNING - No channel found for @CryptoDaily
2024-12-30 10:10:59,637 - __main__ - INFO - No new videos with captions from @CryptoDaily
2024-12-30 10:10:59,884 - newsletter.utils.youtube_scraper_utils - WARNING - No channel found for @DataDash
2024-12-30 10:10:59,976 - __main__ - INFO - No new videos with captions from @DataDash
2024-12-30 10:11:00,189 - newsletter.utils.youtube_scraper_utils - WARNING - No channel found for @IvanOnTech
2024-12-30 10:11:00,303 - __main__ - INFO - No new videos with captions from @IvanOnTech
2024-12-30 10:11:00,501 - newsletter.utils.youtube_scraper_utils - WARNING - No channel found for @MitchRayTA
2024-12-30 10:11:00,589 - __main__ - INFO - No new videos with captions from @MitchRayTA
2024-12-30 10:11:00,820 - newsletter.utils.youtube_scraper_utils - WARNING - No channel found for @Altcoin_Daily
2024-12-30 10:11:00,916 - __main__ - INFO - No new videos with captions from @Altcoin_Daily
2024-12-30 10:11:01,137 - newsletter.utils.youtube_scraper_utils - WARNING - No channel found for @BitBoyCrypto
2024-12-30 10:11:01,248 - __main__ - INFO - No new videos with captions from @BitBoyCrypto
2024-12-30 10:11:01,446 - newsletter.utils.youtube_scraper_utils - WARNING - No channel found for @MMCrypto
2024-12-30 10:11:01,582 - __main__ - INFO - No new videos with captions from @MMCrypto
2024-12-30 10:11:01,782 - newsletter.utils.youtube_scraper_utils - WARNING - No channel found for @BenjaminCowen
2024-12-30 10:11:01,871 - __main__ - INFO - No new videos with captions from @BenjaminCowen
2024-12-30 10:11:02,070 - newsletter.utils.youtube_scraper_utils - WARNING - No channel found for @TheMoonCarl
2024-12-30 10:11:02,165 - __main__ - INFO - No new videos with captions from @TheMoonCarl
2024-12-30 10:11:02,358 - newsletter.utils.youtube_scraper_utils - WARNING - No channel found for @Sheldon_Sniper
2024-12-30 10:11:02,482 - __main__ - INFO - No new videos with captions from @Sheldon_Sniper
2024-12-30 10:11:02,722 - newsletter.utils.youtube_scraper_utils - WARNING - No channel found for @CryptoMichNL
2024-12-30 10:11:02,831 - __main__ - INFO - No new videos with captions from @CryptoMichNL
2024-12-30 10:11:03,064 - newsletter.utils.youtube_scraper_utils - WARNING - No channel found for @RaoulGMI
2024-12-30 10:11:03,149 - __main__ - INFO - No new videos with captions from @RaoulGMI
2024-12-30 10:11:03,329 - newsletter.utils.youtube_scraper_utils - WARNING - No channel found for @ThinkingCrypto
2024-12-30 10:11:03,438 - __main__ - INFO - No new videos with captions from @ThinkingCrypto
2024-12-30 10:11:03,642 - newsletter.utils.youtube_scraper_utils - WARNING - No channel found for @CryptosRUs
2024-12-30 10:11:03,725 - __main__ - INFO - No new videos with captions from @CryptosRUs
2024-12-30 10:11:03,932 - newsletter.utils.youtube_scraper_utils - WARNING - No channel found for @CryptoZombie
2024-12-30 10:11:04,068 - __main__ - INFO - No new videos with captions from @CryptoZombie
2024-12-30 10:11:04,290 - newsletter.utils.youtube_scraper_utils - WARNING - No channel found for @BlockchainBacker
2024-12-30 10:11:04,413 - __main__ - INFO - No new videos with captions from @BlockchainBacker
2024-12-30 10:11:04,414 - __main__ - INFO - Updated root index.html
2024-12-30 10:11:04,414 - __main__ - INFO - All content generated successfully
2024-12-30 10:11:58,359 - __main__ - INFO - Shutting down server...
2024-12-30 10:13:39,318 - __main__ - INFO - Starting full process mode
2024-12-30 10:13:39,319 - __main__ - INFO - Ensured required directories exist
2024-12-30 10:13:39,320 - __main__ - INFO - HTTP server started in background
2024-12-30 10:13:39,321 - __main__ - INFO - Starting Reddit content processing
2024-12-30 10:13:39,331 - __main__ - INFO - Server started at http://localhost:8000
2024-12-30 10:13:51,918 - __main__ - INFO - Reddit content processed successfully
2024-12-30 10:13:52,185 - newsletter.utils.youtube_scraper_utils - WARNING - No channel found for @AndreiJikh
2024-12-30 10:15:20,027 - __main__ - INFO - Starting full process mode
2024-12-30 10:15:20,029 - __main__ - INFO - Ensured required directories exist
2024-12-30 10:15:20,030 - __main__ - INFO - HTTP server started in background
2024-12-30 10:15:20,030 - __main__ - INFO - Starting Reddit content processing
2024-12-30 10:15:20,040 - __main__ - INFO - Server started at http://localhost:8000
2024-12-30 10:15:30,927 - __main__ - INFO - Reddit content processed successfully
2024-12-30 10:15:31,107 - newsletter.utils.youtube_scraper_utils - INFO - Found channel ID for @AndreiJikh: UCGy7SkBjcIAgTiwkXEtPnYg
2024-12-30 10:15:31,255 - newsletter.utils.youtube_scraper_utils - WARNING - No videos found for channel UCGy7SkBjcIAgTiwkXEtPnYg
2024-12-30 10:15:41,757 - __main__ - INFO - No new videos with captions from @AndreiJikh
2024-12-30 10:15:41,974 - newsletter.utils.youtube_scraper_utils - WARNING - No channel found for @CryptoBanterGroup
2024-12-30 10:15:43,763 - __main__ - INFO - No new videos with captions from @CryptoBanterGroup
2024-12-30 10:15:43,962 - newsletter.utils.youtube_scraper_utils - WARNING - No channel found for @CoinBureau
2024-12-30 10:15:44,663 - __main__ - INFO - No new videos with captions from @CoinBureau
2024-12-30 10:15:44,859 - newsletter.utils.youtube_scraper_utils - WARNING - No channel found for @CryptoCrewUniversity
2024-12-30 10:15:45,442 - __main__ - INFO - No new videos with captions from @CryptoCrewUniversity
2024-12-30 10:15:45,668 - newsletter.utils.youtube_scraper_utils - WARNING - No channel found for @CryptoDaily
2024-12-30 10:15:46,167 - __main__ - INFO - No new videos with captions from @CryptoDaily
2024-12-30 10:15:46,360 - newsletter.utils.youtube_scraper_utils - WARNING - No channel found for @DataDash
2024-12-30 10:15:46,741 - __main__ - INFO - No new videos with captions from @DataDash
2024-12-30 10:15:46,929 - newsletter.utils.youtube_scraper_utils - WARNING - No channel found for @IvanOnTech
2024-12-30 10:15:48,359 - __main__ - INFO - No new videos with captions from @IvanOnTech
2024-12-30 10:15:48,588 - newsletter.utils.youtube_scraper_utils - WARNING - No channel found for @MitchRayTA
2024-12-30 10:15:49,125 - __main__ - INFO - No new videos with captions from @MitchRayTA
2024-12-30 10:15:49,359 - newsletter.utils.youtube_scraper_utils - WARNING - No channel found for @Altcoin_Daily
2024-12-30 10:15:49,891 - __main__ - INFO - No new videos with captions from @Altcoin_Daily
2024-12-30 10:15:50,098 - newsletter.utils.youtube_scraper_utils - WARNING - No channel found for @BitBoyCrypto
2024-12-30 10:15:50,521 - __main__ - INFO - No new videos with captions from @BitBoyCrypto
2024-12-30 10:15:50,756 - newsletter.utils.youtube_scraper_utils - WARNING - No channel found for @MMCrypto
2024-12-30 10:15:51,869 - __main__ - INFO - No new videos with captions from @MMCrypto
2024-12-30 10:15:52,116 - newsletter.utils.youtube_scraper_utils - WARNING - No channel found for @BenjaminCowen
2024-12-30 10:15:52,611 - __main__ - INFO - No new videos with captions from @BenjaminCowen
2024-12-30 10:15:52,810 - newsletter.utils.youtube_scraper_utils - WARNING - No channel found for @TheMoonCarl
2024-12-30 10:15:53,309 - __main__ - INFO - No new videos with captions from @TheMoonCarl
2024-12-30 10:15:53,498 - newsletter.utils.youtube_scraper_utils - WARNING - No channel found for @Sheldon_Sniper
2024-12-30 10:15:53,824 - __main__ - INFO - No new videos with captions from @Sheldon_Sniper
2024-12-30 10:15:54,039 - newsletter.utils.youtube_scraper_utils - WARNING - No channel found for @CryptoMichNL
2024-12-30 10:15:55,238 - __main__ - INFO - No new videos with captions from @CryptoMichNL
2024-12-30 10:15:55,419 - newsletter.utils.youtube_scraper_utils - WARNING - No channel found for @RaoulGMI
2024-12-30 10:15:56,021 - __main__ - INFO - No new videos with captions from @RaoulGMI
2024-12-30 10:15:56,196 - newsletter.utils.youtube_scraper_utils - WARNING - No channel found for @ThinkingCrypto
2024-12-30 10:15:57,055 - __main__ - INFO - No new videos with captions from @ThinkingCrypto
2024-12-30 10:15:57,280 - newsletter.utils.youtube_scraper_utils - WARNING - No channel found for @CryptosRUs
2024-12-30 10:15:58,119 - __main__ - INFO - No new videos with captions from @CryptosRUs
2024-12-30 10:15:58,318 - newsletter.utils.youtube_scraper_utils - WARNING - No channel found for @CryptoZombie
2024-12-30 10:15:59,488 - __main__ - INFO - No new videos with captions from @CryptoZombie
2024-12-30 10:15:59,707 - newsletter.utils.youtube_scraper_utils - WARNING - No channel found for @BlockchainBacker
2024-12-30 10:16:00,764 - __main__ - INFO - No new videos with captions from @BlockchainBacker
2024-12-30 10:16:00,765 - __main__ - INFO - Updated root index.html
2024-12-30 10:16:00,765 - __main__ - INFO - All content generated successfully
2024-12-30 10:23:25,966 - __main__ - INFO - Shutting down server...
2024-12-30 10:25:14,484 - __main__ - INFO - Starting full process mode
2024-12-30 10:25:14,486 - __main__ - INFO - Ensured required directories exist
2024-12-30 10:25:14,488 - __main__ - INFO - HTTP server started in background
2024-12-30 10:25:14,488 - __main__ - INFO - Starting Reddit content processing
2024-12-30 10:25:14,501 - __main__ - INFO - Server started at http://localhost:8000
2024-12-30 10:25:28,814 - __main__ - INFO - Reddit content processed successfully
2024-12-30 10:25:29,127 - newsletter.utils.youtube_scraper_utils - WARNING - No channel found for @AndreiJikh
2024-12-30 10:25:44,950 - __main__ - INFO - No new videos with captions from @AndreiJikh
2024-12-30 10:25:45,232 - newsletter.utils.youtube_scraper_utils - WARNING - No channel found for @CryptoBanterGroup
2024-12-30 10:25:46,475 - __main__ - INFO - No new videos with captions from @CryptoBanterGroup
2024-12-30 10:25:46,812 - newsletter.utils.youtube_scraper_utils - WARNING - No channel found for @CoinBureau
2024-12-30 10:25:47,325 - __main__ - INFO - No new videos with captions from @CoinBureau
2024-12-30 10:25:47,598 - newsletter.utils.youtube_scraper_utils - WARNING - No channel found for @CryptoCrewUniversity
2024-12-30 10:25:48,229 - __main__ - INFO - No new videos with captions from @CryptoCrewUniversity
2024-12-30 10:25:48,470 - newsletter.utils.youtube_scraper_utils - WARNING - No channel found for @CryptoDaily
2024-12-30 10:25:49,011 - __main__ - INFO - No new videos with captions from @CryptoDaily
2024-12-30 10:25:49,285 - newsletter.utils.youtube_scraper_utils - WARNING - No channel found for @DataDash
2024-12-30 10:25:49,788 - __main__ - INFO - No new videos with captions from @DataDash
2024-12-30 10:25:50,017 - newsletter.utils.youtube_scraper_utils - WARNING - No channel found for @IvanOnTech
2024-12-30 10:25:50,659 - __main__ - INFO - No new videos with captions from @IvanOnTech
2024-12-30 10:25:50,931 - newsletter.utils.youtube_scraper_utils - WARNING - No channel found for @MitchRayTA
2024-12-30 10:27:34,387 - __main__ - INFO - Starting full process mode
2024-12-30 10:27:34,389 - __main__ - INFO - Ensured required directories exist
2024-12-30 10:27:34,389 - __main__ - INFO - Starting Reddit content processing
2024-12-30 10:27:46,130 - __main__ - INFO - Reddit content processed successfully
2024-12-30 10:29:33,776 - __main__ - INFO - Starting full process mode
2024-12-30 10:29:33,778 - __main__ - INFO - Ensured required directories exist
2024-12-30 10:33:52,888 - __main__ - INFO - Starting full process mode
2024-12-30 10:33:52,890 - __main__ - INFO - Ensured required directories exist
2024-12-30 10:40:39,255 - __main__ - INFO - Starting full process mode
2024-12-30 10:40:39,268 - __main__ - INFO - Ensured required directories exist
2024-12-30 10:42:08,135 - __main__ - INFO - Starting full process mode
2024-12-30 10:42:08,137 - __main__ - INFO - Ensured required directories exist
2024-12-30 10:42:28,821 - newsletter.utils.youtube_scraper_utils - INFO - Found channel ID for @AndreiJikh: UCGy7SkBjcIAgTiwkXEtPnYg
2024-12-30 10:42:39,222 - __main__ - INFO - No new videos with captions from @AndreiJikh
2024-12-30 10:42:39,355 - newsletter.utils.youtube_scraper_utils - INFO - Found channel ID for @CryptoBanterGroup: UCN9Nj4tjXbVTLYWN0EKly_Q
2024-12-30 10:42:40,027 - newsletter.utils.youtube_scraper_utils - INFO - Found video with captions: The EU Regulates Crypto, MiCA Goes LIVE Today! (URGENT!)
2024-12-30 10:42:40,247 - newsletter.utils.youtube_scraper_utils - INFO - Found video with captions: Bitcoin Warning: Most Crypto Investors Have Missed This!
2024-12-30 10:42:40,406 - newsletter.utils.youtube_scraper_utils - INFO - Found video with captions: I Just Made $3000 In 20 Minutes In Crypto! [YOU CAN TOO]
2024-12-30 10:42:40,407 - __main__ - INFO - Latest videos with captions from @CryptoBanterGroup:
2024-12-30 10:42:53,612 - __main__ - INFO - Video summary generated successfully for (@CryptoBanterGroup)_The EU Regulates Crypto, MiCA Goes LIVE Today! (URGENT!)_2024-12-30 14:15:07
2024-12-30 10:43:00,694 - __main__ - INFO - Video summary generated successfully for (@CryptoBanterGroup)_Bitcoin Warning: Most Crypto Investors Have Missed This!_2024-12-30 07:00:07
2024-12-30 10:43:06,659 - __main__ - INFO - Video summary generated successfully for (@CryptoBanterGroup)_I Just Made $3000 In 20 Minutes In Crypto! [YOU CAN TOO]_2024-12-29 14:15:06
2024-12-30 10:43:06,822 - newsletter.utils.youtube_scraper_utils - INFO - Found channel ID for @CoinBureau: UCqK_GSMbpiV8spgD3ZGloSw
2024-12-30 10:43:07,405 - newsletter.utils.youtube_scraper_utils - INFO - Found video with captions: Crypto News: BTC Stalls, SOL Weakens, USDT FUD, XRP &amp; HBAR ETF 2025?
2024-12-30 10:43:08,099 - newsletter.utils.youtube_scraper_utils - INFO - Found video with captions: Coin Bureau Crypto Predictions 2025: Here&#39;s What Comes Next!!
2024-12-30 10:43:08,099 - __main__ - INFO - Latest videos with captions from @CoinBureau:
2024-12-30 10:43:19,251 - __main__ - INFO - Video summary generated successfully for (@CoinBureau)_Crypto News: BTC Stalls, SOL Weakens, USDT FUD, XRP &amp; HBAR ETF 2025?_2024-12-30 14:18:32
2024-12-30 10:43:27,882 - __main__ - INFO - Video summary generated successfully for (@CoinBureau)_Coin Bureau Crypto Predictions 2025: Here&#39;s What Comes Next!!_2024-12-29 12:42:50
2024-12-30 10:43:28,027 - newsletter.utils.youtube_scraper_utils - INFO - Found channel ID for @CryptoCrewUniversity: UC7ndkZ4vViKiM7kVEgdrlZQ
2024-12-30 10:43:28,472 - __main__ - INFO - No new videos with captions from @CryptoCrewUniversity
2024-12-30 10:43:28,595 - newsletter.utils.youtube_scraper_utils - INFO - Found channel ID for @CryptoDaily: UC67AEEecqFEc92nVvcqKdhA
2024-12-30 10:43:28,983 - __main__ - INFO - No new videos with captions from @CryptoDaily
2024-12-30 10:43:29,137 - newsletter.utils.youtube_scraper_utils - INFO - Found channel ID for @DataDash: UCCatR7nWbYrkVXdxXb4cGXw
2024-12-30 10:43:29,739 - newsletter.utils.youtube_scraper_utils - INFO - Found video with captions: The Bitcoin Collapse Is About To Get Worse...
2024-12-30 10:43:29,740 - __main__ - INFO - Latest videos with captions from @DataDash:
2024-12-30 10:43:39,966 - __main__ - INFO - Video summary generated successfully for (@DataDash)_The Bitcoin Collapse Is About To Get Worse..._2024-12-30 11:01:13
2024-12-30 10:43:40,090 - newsletter.utils.youtube_scraper_utils - INFO - Found channel ID for @IvanOnTech: UCrYmtJBtLdtm2ov84ulV-yg
2024-12-30 10:43:40,441 - __main__ - INFO - No new videos with captions from @IvanOnTech
2024-12-30 10:43:40,561 - newsletter.utils.youtube_scraper_utils - INFO - Found channel ID for @MitchRayTA: UC60a4msAOcjOWMMvNRyBx2w
2024-12-30 10:43:40,914 - __main__ - INFO - No new videos with captions from @MitchRayTA
2024-12-30 10:43:40,916 - __main__ - INFO - HTTP server started in background
2024-12-30 10:43:40,918 - __main__ - INFO - Updated root index.html
2024-12-30 10:43:40,918 - __main__ - INFO - All content generated successfully
2024-12-30 10:43:40,921 - __main__ - INFO - Server started at http://localhost:8000
2024-12-30 11:02:19,799 - __main__ - INFO - Starting in serve-only mode
2024-12-30 11:02:19,801 - __main__ - INFO - Created/updated root index.html
2024-12-30 11:02:19,803 - __main__ - INFO - HTTP server started in background
2024-12-30 11:02:19,815 - __main__ - INFO - Server started at http://localhost:8000
2024-12-30 11:04:25,647 - __main__ - INFO - Shutting down server...
2024-12-30 11:04:32,870 - __main__ - INFO - Starting in serve-only mode
2024-12-30 11:04:32,871 - newsletter.utils.html_utils - INFO - Created/updated root index.html
2024-12-30 11:04:32,873 - __main__ - INFO - HTTP server started in background
2024-12-30 11:04:32,881 - __main__ - INFO - Server started at http://localhost:8000
2024-12-30 11:05:34,452 - __main__ - INFO - Starting in serve-only mode
2024-12-30 11:05:34,454 - newsletter.utils.html_utils - INFO - Created/updated root index.html
2024-12-30 11:05:34,456 - __main__ - INFO - HTTP server started in background
2024-12-30 11:05:34,464 - __main__ - INFO - Server started at http://localhost:8000
2024-12-30 11:05:50,894 - __main__ - INFO - Starting in serve-only mode
2024-12-30 11:05:50,896 - newsletter.utils.html_utils - INFO - Created/updated root index.html
2024-12-30 11:05:50,898 - __main__ - INFO - HTTP server started in background
2024-12-30 11:05:50,906 - __main__ - INFO - Server started at http://localhost:8000
2024-12-30 11:40:21,579 - __main__ - INFO - Starting in serve-only mode
2024-12-30 11:40:21,580 - newsletter.utils.html_utils - INFO - Created/updated root index.html
2024-12-30 11:40:21,580 - __main__ - INFO - HTTP server started in background
2024-12-30 11:40:21,587 - __main__ - INFO - Server started at http://localhost:8000
2024-12-30 11:49:47,401 - __main__ - INFO - Shutting down server...
2024-12-30 12:43:17,664 - uvicorn.error - ERROR - Error loading ASGI app. Attribute "api" not found in module "newsletter.api.app".
2024-12-30 12:44:29,358 - uvicorn.error - INFO - Started server process [45909]
2024-12-30 12:44:29,358 - uvicorn.error - INFO - Waiting for application startup.
2024-12-30 12:44:29,358 - uvicorn.error - INFO - Application startup complete.
2024-12-30 12:44:29,362 - uvicorn.error - INFO - Uvicorn running on http://0.0.0.0:8080 (Press CTRL+C to quit)
2024-12-30 12:48:33,976 - newsletter.utils.api_utils - ERROR - Error processing Reddit content: RedditScraperUtils.__init__() missing 1 required positional argument: 'subreddits'
2024-12-30 12:50:26,447 - newsletter.utils.api_utils - ERROR - Error processing Reddit content: RedditScraperUtils.__init__() missing 1 required positional argument: 'subreddits'
2024-12-30 12:51:02,292 - uvicorn.error - INFO - Shutting down
2024-12-30 12:51:02,393 - uvicorn.error - INFO - Waiting for application shutdown.
2024-12-30 12:51:02,394 - uvicorn.error - INFO - Application shutdown complete.
2024-12-30 12:51:02,394 - uvicorn.error - INFO - Finished server process [45909]
2024-12-30 13:25:44,821 - uvicorn.error - INFO - Started server process [85642]
2024-12-30 13:25:44,824 - uvicorn.error - INFO - Waiting for application startup.
2024-12-30 13:25:44,827 - uvicorn.error - INFO - Application startup complete.
2024-12-30 13:26:28,433 - praw - WARNING - It appears that you are using PRAW in an asynchronous environment.
It is strongly recommended to use Async PRAW: https://asyncpraw.readthedocs.io.
See https://praw.readthedocs.io/en/latest/getting_started/multiple_instances.html#discord-bots-and-asynchronous-environments for more info.

2024-12-30 13:26:28,747 - praw - WARNING - It appears that you are using PRAW in an asynchronous environment.
It is strongly recommended to use Async PRAW: https://asyncpraw.readthedocs.io.
See https://praw.readthedocs.io/en/latest/getting_started/multiple_instances.html#discord-bots-and-asynchronous-environments for more info.

2024-12-30 13:26:28,832 - praw - WARNING - It appears that you are using PRAW in an asynchronous environment.
It is strongly recommended to use Async PRAW: https://asyncpraw.readthedocs.io.
See https://praw.readthedocs.io/en/latest/getting_started/multiple_instances.html#discord-bots-and-asynchronous-environments for more info.

2024-12-30 13:26:28,907 - praw - WARNING - It appears that you are using PRAW in an asynchronous environment.
It is strongly recommended to use Async PRAW: https://asyncpraw.readthedocs.io.
See https://praw.readthedocs.io/en/latest/getting_started/multiple_instances.html#discord-bots-and-asynchronous-environments for more info.

2024-12-30 13:26:28,975 - praw - WARNING - It appears that you are using PRAW in an asynchronous environment.
It is strongly recommended to use Async PRAW: https://asyncpraw.readthedocs.io.
See https://praw.readthedocs.io/en/latest/getting_started/multiple_instances.html#discord-bots-and-asynchronous-environments for more info.

2024-12-30 13:26:29,037 - praw - WARNING - It appears that you are using PRAW in an asynchronous environment.
It is strongly recommended to use Async PRAW: https://asyncpraw.readthedocs.io.
See https://praw.readthedocs.io/en/latest/getting_started/multiple_instances.html#discord-bots-and-asynchronous-environments for more info.

2024-12-30 13:26:29,105 - praw - WARNING - It appears that you are using PRAW in an asynchronous environment.
It is strongly recommended to use Async PRAW: https://asyncpraw.readthedocs.io.
See https://praw.readthedocs.io/en/latest/getting_started/multiple_instances.html#discord-bots-and-asynchronous-environments for more info.

2024-12-30 13:26:29,167 - praw - WARNING - It appears that you are using PRAW in an asynchronous environment.
It is strongly recommended to use Async PRAW: https://asyncpraw.readthedocs.io.
See https://praw.readthedocs.io/en/latest/getting_started/multiple_instances.html#discord-bots-and-asynchronous-environments for more info.

2024-12-30 13:26:29,230 - praw - WARNING - It appears that you are using PRAW in an asynchronous environment.
It is strongly recommended to use Async PRAW: https://asyncpraw.readthedocs.io.
See https://praw.readthedocs.io/en/latest/getting_started/multiple_instances.html#discord-bots-and-asynchronous-environments for more info.

2024-12-30 13:26:29,320 - praw - WARNING - It appears that you are using PRAW in an asynchronous environment.
It is strongly recommended to use Async PRAW: https://asyncpraw.readthedocs.io.
See https://praw.readthedocs.io/en/latest/getting_started/multiple_instances.html#discord-bots-and-asynchronous-environments for more info.

2024-12-30 13:26:29,383 - praw - WARNING - It appears that you are using PRAW in an asynchronous environment.
It is strongly recommended to use Async PRAW: https://asyncpraw.readthedocs.io.
See https://praw.readthedocs.io/en/latest/getting_started/multiple_instances.html#discord-bots-and-asynchronous-environments for more info.

2024-12-30 13:26:29,443 - praw - WARNING - It appears that you are using PRAW in an asynchronous environment.
It is strongly recommended to use Async PRAW: https://asyncpraw.readthedocs.io.
See https://praw.readthedocs.io/en/latest/getting_started/multiple_instances.html#discord-bots-and-asynchronous-environments for more info.

2024-12-30 13:26:29,508 - praw - WARNING - It appears that you are using PRAW in an asynchronous environment.
It is strongly recommended to use Async PRAW: https://asyncpraw.readthedocs.io.
See https://praw.readthedocs.io/en/latest/getting_started/multiple_instances.html#discord-bots-and-asynchronous-environments for more info.

2024-12-30 13:26:29,629 - praw - WARNING - It appears that you are using PRAW in an asynchronous environment.
It is strongly recommended to use Async PRAW: https://asyncpraw.readthedocs.io.
See https://praw.readthedocs.io/en/latest/getting_started/multiple_instances.html#discord-bots-and-asynchronous-environments for more info.

2024-12-30 13:26:41,965 - praw - WARNING - It appears that you are using PRAW in an asynchronous environment.
It is strongly recommended to use Async PRAW: https://asyncpraw.readthedocs.io.
See https://praw.readthedocs.io/en/latest/getting_started/multiple_instances.html#discord-bots-and-asynchronous-environments for more info.

2024-12-30 13:26:42,025 - praw - WARNING - It appears that you are using PRAW in an asynchronous environment.
It is strongly recommended to use Async PRAW: https://asyncpraw.readthedocs.io.
See https://praw.readthedocs.io/en/latest/getting_started/multiple_instances.html#discord-bots-and-asynchronous-environments for more info.

2024-12-30 13:26:42,085 - praw - WARNING - It appears that you are using PRAW in an asynchronous environment.
It is strongly recommended to use Async PRAW: https://asyncpraw.readthedocs.io.
See https://praw.readthedocs.io/en/latest/getting_started/multiple_instances.html#discord-bots-and-asynchronous-environments for more info.

2024-12-30 13:26:42,153 - praw - WARNING - It appears that you are using PRAW in an asynchronous environment.
It is strongly recommended to use Async PRAW: https://asyncpraw.readthedocs.io.
See https://praw.readthedocs.io/en/latest/getting_started/multiple_instances.html#discord-bots-and-asynchronous-environments for more info.

2024-12-30 13:26:42,219 - praw - WARNING - It appears that you are using PRAW in an asynchronous environment.
It is strongly recommended to use Async PRAW: https://asyncpraw.readthedocs.io.
See https://praw.readthedocs.io/en/latest/getting_started/multiple_instances.html#discord-bots-and-asynchronous-environments for more info.

2024-12-30 13:26:42,287 - praw - WARNING - It appears that you are using PRAW in an asynchronous environment.
It is strongly recommended to use Async PRAW: https://asyncpraw.readthedocs.io.
See https://praw.readthedocs.io/en/latest/getting_started/multiple_instances.html#discord-bots-and-asynchronous-environments for more info.

2024-12-30 13:26:42,347 - praw - WARNING - It appears that you are using PRAW in an asynchronous environment.
It is strongly recommended to use Async PRAW: https://asyncpraw.readthedocs.io.
See https://praw.readthedocs.io/en/latest/getting_started/multiple_instances.html#discord-bots-and-asynchronous-environments for more info.

2024-12-30 13:26:42,417 - praw - WARNING - It appears that you are using PRAW in an asynchronous environment.
It is strongly recommended to use Async PRAW: https://asyncpraw.readthedocs.io.
See https://praw.readthedocs.io/en/latest/getting_started/multiple_instances.html#discord-bots-and-asynchronous-environments for more info.

2024-12-30 13:26:42,483 - praw - WARNING - It appears that you are using PRAW in an asynchronous environment.
It is strongly recommended to use Async PRAW: https://asyncpraw.readthedocs.io.
See https://praw.readthedocs.io/en/latest/getting_started/multiple_instances.html#discord-bots-and-asynchronous-environments for more info.

2024-12-30 13:26:42,547 - praw - WARNING - It appears that you are using PRAW in an asynchronous environment.
It is strongly recommended to use Async PRAW: https://asyncpraw.readthedocs.io.
See https://praw.readthedocs.io/en/latest/getting_started/multiple_instances.html#discord-bots-and-asynchronous-environments for more info.

2024-12-30 13:26:42,629 - praw - WARNING - It appears that you are using PRAW in an asynchronous environment.
It is strongly recommended to use Async PRAW: https://asyncpraw.readthedocs.io.
See https://praw.readthedocs.io/en/latest/getting_started/multiple_instances.html#discord-bots-and-asynchronous-environments for more info.

2024-12-30 13:26:42,691 - praw - WARNING - It appears that you are using PRAW in an asynchronous environment.
It is strongly recommended to use Async PRAW: https://asyncpraw.readthedocs.io.
See https://praw.readthedocs.io/en/latest/getting_started/multiple_instances.html#discord-bots-and-asynchronous-environments for more info.

2024-12-30 13:26:42,757 - praw - WARNING - It appears that you are using PRAW in an asynchronous environment.
It is strongly recommended to use Async PRAW: https://asyncpraw.readthedocs.io.
See https://praw.readthedocs.io/en/latest/getting_started/multiple_instances.html#discord-bots-and-asynchronous-environments for more info.

2024-12-30 13:26:42,817 - praw - WARNING - It appears that you are using PRAW in an asynchronous environment.
It is strongly recommended to use Async PRAW: https://asyncpraw.readthedocs.io.
See https://praw.readthedocs.io/en/latest/getting_started/multiple_instances.html#discord-bots-and-asynchronous-environments for more info.

2024-12-30 13:26:59,475 - newsletter.utils.api_utils - ERROR - Error processing Reddit content: RedditFormatUtils.__init__() takes from 2 to 3 positional arguments but 4 were given
2024-12-30 13:27:31,445 - praw - WARNING - It appears that you are using PRAW in an asynchronous environment.
It is strongly recommended to use Async PRAW: https://asyncpraw.readthedocs.io.
See https://praw.readthedocs.io/en/latest/getting_started/multiple_instances.html#discord-bots-and-asynchronous-environments for more info.

2024-12-30 13:27:31,688 - praw - WARNING - It appears that you are using PRAW in an asynchronous environment.
It is strongly recommended to use Async PRAW: https://asyncpraw.readthedocs.io.
See https://praw.readthedocs.io/en/latest/getting_started/multiple_instances.html#discord-bots-and-asynchronous-environments for more info.

2024-12-30 13:27:31,755 - praw - WARNING - It appears that you are using PRAW in an asynchronous environment.
It is strongly recommended to use Async PRAW: https://asyncpraw.readthedocs.io.
See https://praw.readthedocs.io/en/latest/getting_started/multiple_instances.html#discord-bots-and-asynchronous-environments for more info.

2024-12-30 13:27:31,817 - praw - WARNING - It appears that you are using PRAW in an asynchronous environment.
It is strongly recommended to use Async PRAW: https://asyncpraw.readthedocs.io.
See https://praw.readthedocs.io/en/latest/getting_started/multiple_instances.html#discord-bots-and-asynchronous-environments for more info.

2024-12-30 13:27:31,876 - praw - WARNING - It appears that you are using PRAW in an asynchronous environment.
It is strongly recommended to use Async PRAW: https://asyncpraw.readthedocs.io.
See https://praw.readthedocs.io/en/latest/getting_started/multiple_instances.html#discord-bots-and-asynchronous-environments for more info.

2024-12-30 13:27:31,946 - praw - WARNING - It appears that you are using PRAW in an asynchronous environment.
It is strongly recommended to use Async PRAW: https://asyncpraw.readthedocs.io.
See https://praw.readthedocs.io/en/latest/getting_started/multiple_instances.html#discord-bots-and-asynchronous-environments for more info.

2024-12-30 13:27:32,011 - newsletter.utils.api_utils - ERROR - Error processing Reddit content: RedditFormatUtils.__init__() takes from 2 to 3 positional arguments but 4 were given
2024-12-30 13:27:45,313 - praw - WARNING - It appears that you are using PRAW in an asynchronous environment.
It is strongly recommended to use Async PRAW: https://asyncpraw.readthedocs.io.
See https://praw.readthedocs.io/en/latest/getting_started/multiple_instances.html#discord-bots-and-asynchronous-environments for more info.

2024-12-30 13:27:45,587 - praw - WARNING - It appears that you are using PRAW in an asynchronous environment.
It is strongly recommended to use Async PRAW: https://asyncpraw.readthedocs.io.
See https://praw.readthedocs.io/en/latest/getting_started/multiple_instances.html#discord-bots-and-asynchronous-environments for more info.

2024-12-30 13:27:45,662 - praw - WARNING - It appears that you are using PRAW in an asynchronous environment.
It is strongly recommended to use Async PRAW: https://asyncpraw.readthedocs.io.
See https://praw.readthedocs.io/en/latest/getting_started/multiple_instances.html#discord-bots-and-asynchronous-environments for more info.

2024-12-30 13:27:45,732 - praw - WARNING - It appears that you are using PRAW in an asynchronous environment.
It is strongly recommended to use Async PRAW: https://asyncpraw.readthedocs.io.
See https://praw.readthedocs.io/en/latest/getting_started/multiple_instances.html#discord-bots-and-asynchronous-environments for more info.

2024-12-30 13:27:45,803 - praw - WARNING - It appears that you are using PRAW in an asynchronous environment.
It is strongly recommended to use Async PRAW: https://asyncpraw.readthedocs.io.
See https://praw.readthedocs.io/en/latest/getting_started/multiple_instances.html#discord-bots-and-asynchronous-environments for more info.

2024-12-30 13:27:45,873 - praw - WARNING - It appears that you are using PRAW in an asynchronous environment.
It is strongly recommended to use Async PRAW: https://asyncpraw.readthedocs.io.
See https://praw.readthedocs.io/en/latest/getting_started/multiple_instances.html#discord-bots-and-asynchronous-environments for more info.

2024-12-30 13:27:45,942 - newsletter.utils.api_utils - ERROR - Error processing Reddit content: RedditFormatUtils.__init__() takes from 2 to 3 positional arguments but 4 were given
2024-12-30 13:27:58,903 - praw - WARNING - It appears that you are using PRAW in an asynchronous environment.
It is strongly recommended to use Async PRAW: https://asyncpraw.readthedocs.io.
See https://praw.readthedocs.io/en/latest/getting_started/multiple_instances.html#discord-bots-and-asynchronous-environments for more info.

2024-12-30 13:27:59,211 - praw - WARNING - It appears that you are using PRAW in an asynchronous environment.
It is strongly recommended to use Async PRAW: https://asyncpraw.readthedocs.io.
See https://praw.readthedocs.io/en/latest/getting_started/multiple_instances.html#discord-bots-and-asynchronous-environments for more info.

2024-12-30 13:27:59,274 - praw - WARNING - It appears that you are using PRAW in an asynchronous environment.
It is strongly recommended to use Async PRAW: https://asyncpraw.readthedocs.io.
See https://praw.readthedocs.io/en/latest/getting_started/multiple_instances.html#discord-bots-and-asynchronous-environments for more info.

2024-12-30 13:27:59,335 - praw - WARNING - It appears that you are using PRAW in an asynchronous environment.
It is strongly recommended to use Async PRAW: https://asyncpraw.readthedocs.io.
See https://praw.readthedocs.io/en/latest/getting_started/multiple_instances.html#discord-bots-and-asynchronous-environments for more info.

2024-12-30 13:27:59,406 - praw - WARNING - It appears that you are using PRAW in an asynchronous environment.
It is strongly recommended to use Async PRAW: https://asyncpraw.readthedocs.io.
See https://praw.readthedocs.io/en/latest/getting_started/multiple_instances.html#discord-bots-and-asynchronous-environments for more info.

2024-12-30 13:27:59,473 - praw - WARNING - It appears that you are using PRAW in an asynchronous environment.
It is strongly recommended to use Async PRAW: https://asyncpraw.readthedocs.io.
See https://praw.readthedocs.io/en/latest/getting_started/multiple_instances.html#discord-bots-and-asynchronous-environments for more info.

2024-12-30 13:27:59,539 - newsletter.utils.api_utils - ERROR - Error processing Reddit content: RedditFormatUtils.__init__() takes from 2 to 3 positional arguments but 4 were given
2024-12-30 13:28:12,405 - praw - WARNING - It appears that you are using PRAW in an asynchronous environment.
It is strongly recommended to use Async PRAW: https://asyncpraw.readthedocs.io.
See https://praw.readthedocs.io/en/latest/getting_started/multiple_instances.html#discord-bots-and-asynchronous-environments for more info.

2024-12-30 13:28:12,707 - praw - WARNING - It appears that you are using PRAW in an asynchronous environment.
It is strongly recommended to use Async PRAW: https://asyncpraw.readthedocs.io.
See https://praw.readthedocs.io/en/latest/getting_started/multiple_instances.html#discord-bots-and-asynchronous-environments for more info.

2024-12-30 13:28:12,771 - praw - WARNING - It appears that you are using PRAW in an asynchronous environment.
It is strongly recommended to use Async PRAW: https://asyncpraw.readthedocs.io.
See https://praw.readthedocs.io/en/latest/getting_started/multiple_instances.html#discord-bots-and-asynchronous-environments for more info.

2024-12-30 13:28:12,841 - praw - WARNING - It appears that you are using PRAW in an asynchronous environment.
It is strongly recommended to use Async PRAW: https://asyncpraw.readthedocs.io.
See https://praw.readthedocs.io/en/latest/getting_started/multiple_instances.html#discord-bots-and-asynchronous-environments for more info.

2024-12-30 13:28:12,903 - praw - WARNING - It appears that you are using PRAW in an asynchronous environment.
It is strongly recommended to use Async PRAW: https://asyncpraw.readthedocs.io.
See https://praw.readthedocs.io/en/latest/getting_started/multiple_instances.html#discord-bots-and-asynchronous-environments for more info.

2024-12-30 13:28:12,992 - praw - WARNING - It appears that you are using PRAW in an asynchronous environment.
It is strongly recommended to use Async PRAW: https://asyncpraw.readthedocs.io.
See https://praw.readthedocs.io/en/latest/getting_started/multiple_instances.html#discord-bots-and-asynchronous-environments for more info.

2024-12-30 13:28:13,057 - newsletter.utils.api_utils - ERROR - Error processing Reddit content: RedditFormatUtils.__init__() takes from 2 to 3 positional arguments but 4 were given
2024-12-30 13:28:17,094 - uvicorn.error - INFO - Shutting down
2024-12-30 13:28:18,162 - uvicorn.error - INFO - Finished server process [85642]
2024-12-30 13:28:18,168 - uvicorn.error - ERROR - Traceback (most recent call last):
  File "/Users/onr/Library/Caches/pypoetry/virtualenvs/newsletter-EJPEa2pQ-py3.12/lib/python3.12/site-packages/starlette/routing.py", line 624, in lifespan
    await receive()
  File "/Users/onr/Library/Caches/pypoetry/virtualenvs/newsletter-EJPEa2pQ-py3.12/lib/python3.12/site-packages/uvicorn/lifespan/on.py", line 135, in receive
    return await self.receive_queue.get()
           ^^^^^^^^^^^^^^^^^^^^^^^^^^^^^^
  File "/usr/local/Cellar/python@3.12/3.12.8/Frameworks/Python.framework/Versions/3.12/lib/python3.12/asyncio/queues.py", line 158, in get
    await getter
asyncio.exceptions.CancelledError

2024-12-30 13:28:39,857 - uvicorn.error - INFO - Started server process [88231]
2024-12-30 13:28:39,860 - uvicorn.error - INFO - Waiting for application startup.
2024-12-30 13:28:39,862 - uvicorn.error - INFO - Application startup complete.
2024-12-30 13:28:49,074 - praw - WARNING - It appears that you are using PRAW in an asynchronous environment.
It is strongly recommended to use Async PRAW: https://asyncpraw.readthedocs.io.
See https://praw.readthedocs.io/en/latest/getting_started/multiple_instances.html#discord-bots-and-asynchronous-environments for more info.

2024-12-30 13:28:49,395 - praw - WARNING - It appears that you are using PRAW in an asynchronous environment.
It is strongly recommended to use Async PRAW: https://asyncpraw.readthedocs.io.
See https://praw.readthedocs.io/en/latest/getting_started/multiple_instances.html#discord-bots-and-asynchronous-environments for more info.

2024-12-30 13:28:49,481 - praw - WARNING - It appears that you are using PRAW in an asynchronous environment.
It is strongly recommended to use Async PRAW: https://asyncpraw.readthedocs.io.
See https://praw.readthedocs.io/en/latest/getting_started/multiple_instances.html#discord-bots-and-asynchronous-environments for more info.

2024-12-30 13:28:56,661 - praw - WARNING - It appears that you are using PRAW in an asynchronous environment.
It is strongly recommended to use Async PRAW: https://asyncpraw.readthedocs.io.
See https://praw.readthedocs.io/en/latest/getting_started/multiple_instances.html#discord-bots-and-asynchronous-environments for more info.

2024-12-30 13:28:56,729 - praw - WARNING - It appears that you are using PRAW in an asynchronous environment.
It is strongly recommended to use Async PRAW: https://asyncpraw.readthedocs.io.
See https://praw.readthedocs.io/en/latest/getting_started/multiple_instances.html#discord-bots-and-asynchronous-environments for more info.

2024-12-30 13:28:56,797 - praw - WARNING - It appears that you are using PRAW in an asynchronous environment.
It is strongly recommended to use Async PRAW: https://asyncpraw.readthedocs.io.
See https://praw.readthedocs.io/en/latest/getting_started/multiple_instances.html#discord-bots-and-asynchronous-environments for more info.

2024-12-30 13:31:22,504 - newsletter.utils.api_utils - ERROR - Error processing Reddit content: RedditFormatUtils.__init__() takes from 2 to 3 positional arguments but 4 were given
2024-12-30 13:31:22,511 - uvicorn.error - INFO - Shutting down
2024-12-30 13:31:27,617 - uvicorn.error - INFO - Waiting for application shutdown.
2024-12-30 13:31:27,619 - uvicorn.error - INFO - Application shutdown complete.
2024-12-30 13:31:27,620 - uvicorn.error - INFO - Finished server process [88231]
2024-12-30 13:31:41,084 - uvicorn.error - INFO - Started server process [93668]
2024-12-30 13:31:41,087 - uvicorn.error - INFO - Waiting for application startup.
2024-12-30 13:31:41,089 - uvicorn.error - INFO - Application startup complete.
2024-12-30 13:32:39,164 - newsletter.utils.api_utils - ERROR - Error processing Reddit content: 'RedditScraperUtils' object has no attribute 'crypto_subreddits'
2024-12-30 13:32:39,170 - uvicorn.error - INFO - Shutting down
2024-12-30 13:32:44,271 - uvicorn.error - INFO - Waiting for application shutdown.
2024-12-30 13:32:44,274 - uvicorn.error - INFO - Application shutdown complete.
2024-12-30 13:32:44,275 - uvicorn.error - INFO - Finished server process [93668]
2024-12-30 13:32:51,572 - uvicorn.error - INFO - Started server process [95860]
2024-12-30 13:32:51,575 - uvicorn.error - INFO - Waiting for application startup.
2024-12-30 13:32:51,577 - uvicorn.error - INFO - Application startup complete.
2024-12-30 13:32:58,917 - praw - WARNING - It appears that you are using PRAW in an asynchronous environment.
It is strongly recommended to use Async PRAW: https://asyncpraw.readthedocs.io.
See https://praw.readthedocs.io/en/latest/getting_started/multiple_instances.html#discord-bots-and-asynchronous-environments for more info.

2024-12-30 13:33:02,379 - praw - WARNING - It appears that you are using PRAW in an asynchronous environment.
It is strongly recommended to use Async PRAW: https://asyncpraw.readthedocs.io.
See https://praw.readthedocs.io/en/latest/getting_started/multiple_instances.html#discord-bots-and-asynchronous-environments for more info.

2024-12-30 13:35:10,805 - newsletter.utils.api_utils - ERROR - Error processing Reddit content: RedditFormatUtils.__init__() takes from 2 to 3 positional arguments but 4 were given
2024-12-30 13:35:10,811 - uvicorn.error - INFO - Shutting down
2024-12-30 13:35:15,912 - uvicorn.error - INFO - Waiting for application shutdown.
2024-12-30 13:35:15,915 - uvicorn.error - INFO - Application shutdown complete.
2024-12-30 13:35:15,915 - uvicorn.error - INFO - Finished server process [95860]
2024-12-30 13:35:20,041 - uvicorn.error - INFO - Started server process [724]
2024-12-30 13:35:20,044 - uvicorn.error - INFO - Waiting for application startup.
2024-12-30 13:35:20,046 - uvicorn.error - INFO - Application startup complete.
2024-12-30 13:35:21,547 - praw - WARNING - It appears that you are using PRAW in an asynchronous environment.
It is strongly recommended to use Async PRAW: https://asyncpraw.readthedocs.io.
See https://praw.readthedocs.io/en/latest/getting_started/multiple_instances.html#discord-bots-and-asynchronous-environments for more info.

2024-12-30 13:35:22,050 - praw - WARNING - It appears that you are using PRAW in an asynchronous environment.
It is strongly recommended to use Async PRAW: https://asyncpraw.readthedocs.io.
See https://praw.readthedocs.io/en/latest/getting_started/multiple_instances.html#discord-bots-and-asynchronous-environments for more info.

2024-12-30 13:37:38,892 - uvicorn.error - INFO - Shutting down
2024-12-30 13:37:38,994 - uvicorn.error - INFO - Waiting for application shutdown.
2024-12-30 13:37:38,995 - uvicorn.error - INFO - Application shutdown complete.
2024-12-30 13:37:38,996 - uvicorn.error - INFO - Finished server process [724]
2024-12-30 13:37:43,107 - uvicorn.error - INFO - Started server process [5072]
2024-12-30 13:37:43,110 - uvicorn.error - INFO - Waiting for application startup.
2024-12-30 13:37:43,112 - uvicorn.error - INFO - Application startup complete.
2024-12-30 13:39:47,221 - uvicorn.error - INFO - Shutting down
2024-12-30 13:39:47,324 - uvicorn.error - INFO - Waiting for application shutdown.
2024-12-30 13:39:47,325 - uvicorn.error - INFO - Application shutdown complete.
2024-12-30 13:39:47,326 - uvicorn.error - INFO - Finished server process [5072]
2024-12-30 13:39:51,451 - uvicorn.error - INFO - Started server process [8771]
2024-12-30 13:39:51,454 - uvicorn.error - INFO - Waiting for application startup.
2024-12-30 13:39:51,455 - uvicorn.error - INFO - Application startup complete.
2025-01-11 19:43:19,036 - uvicorn.error - INFO - Started server process [1916765]
2025-01-11 19:43:19,038 - uvicorn.error - INFO - Waiting for application startup.
2025-01-11 19:43:19,039 - uvicorn.error - INFO - Application startup complete.
2025-01-12 09:57:20,606 - uvicorn.error - INFO - Shutting down
2025-01-12 09:57:20,737 - uvicorn.error - INFO - Waiting for application shutdown.
2025-01-12 09:57:20,750 - uvicorn.error - INFO - Application shutdown complete.
2025-01-12 09:57:20,751 - uvicorn.error - INFO - Finished server process [1916765]
2025-01-12 09:57:24,955 - uvicorn.error - INFO - Started server process [3205961]
2025-01-12 09:57:24,957 - uvicorn.error - INFO - Waiting for application startup.
2025-01-12 09:57:24,959 - uvicorn.error - INFO - Application startup complete.
2025-01-12 09:57:34,331 - uvicorn.error - INFO - Started server process [3206289]
2025-01-12 09:57:34,333 - uvicorn.error - INFO - Waiting for application startup.
2025-01-12 09:57:34,335 - uvicorn.error - INFO - Application startup complete.
2025-01-12 10:02:40,717 - uvicorn.error - INFO - Shutting down
2025-01-12 10:02:40,820 - uvicorn.error - INFO - Waiting for application shutdown.
2025-01-12 10:02:40,823 - uvicorn.error - INFO - Application shutdown complete.
2025-01-12 10:02:40,824 - uvicorn.error - INFO - Finished server process [3206289]
2025-01-12 10:03:32,026 - uvicorn.error - INFO - Started server process [3214391]
2025-01-12 10:03:32,030 - uvicorn.error - INFO - Waiting for application startup.
2025-01-12 10:03:32,034 - uvicorn.error - INFO - Application startup complete.
2025-01-12 10:03:39,996 - uvicorn.error - INFO - Shutting down
2025-01-12 10:03:40,099 - uvicorn.error - INFO - Waiting for application shutdown.
2025-01-12 10:03:40,102 - uvicorn.error - INFO - Application shutdown complete.
2025-01-12 10:03:40,103 - uvicorn.error - INFO - Finished server process [3214391]
2025-01-12 10:03:46,259 - uvicorn.error - INFO - Started server process [3215892]
2025-01-12 10:03:46,262 - uvicorn.error - INFO - Waiting for application startup.
2025-01-12 10:03:46,265 - uvicorn.error - INFO - Application startup complete.
2025-01-12 10:04:11,755 - uvicorn.error - INFO - Shutting down
2025-01-12 10:04:11,858 - uvicorn.error - INFO - Waiting for application shutdown.
2025-01-12 10:04:11,860 - uvicorn.error - INFO - Application shutdown complete.
2025-01-12 10:04:11,861 - uvicorn.error - INFO - Finished server process [3215892]
2025-01-12 10:04:18,090 - uvicorn.error - INFO - Started server process [3216857]
2025-01-12 10:04:18,093 - uvicorn.error - INFO - Waiting for application startup.
2025-01-12 10:04:18,095 - uvicorn.error - INFO - Application startup complete.
2025-01-12 10:04:38,013 - uvicorn.error - INFO - Shutting down
2025-01-12 10:04:38,116 - uvicorn.error - INFO - Waiting for application shutdown.
2025-01-12 10:04:38,118 - uvicorn.error - INFO - Application shutdown complete.
2025-01-12 10:04:38,119 - uvicorn.error - INFO - Finished server process [3216857]
2025-01-12 10:05:02,191 - uvicorn.error - INFO - Started server process [3218004]
2025-01-12 10:05:02,195 - uvicorn.error - INFO - Waiting for application startup.
2025-01-12 10:05:02,198 - uvicorn.error - INFO - Application startup complete.
2025-01-12 10:07:53,849 - uvicorn.error - INFO - Shutting down
2025-01-12 10:07:53,953 - uvicorn.error - INFO - Waiting for application shutdown.
2025-01-12 10:07:53,955 - uvicorn.error - INFO - Application shutdown complete.
2025-01-12 10:07:53,956 - uvicorn.error - INFO - Finished server process [3218004]
2025-01-12 10:08:18,741 - uvicorn.error - INFO - Started server process [3223082]
2025-01-12 10:08:18,745 - uvicorn.error - INFO - Waiting for application startup.
2025-01-12 10:08:18,748 - uvicorn.error - INFO - Application startup complete.
2025-01-12 10:12:29,067 - newsletter.utils.api_utils - ERROR - Error generating video summary: Invalid YouTube URL
2025-01-12 10:15:34,712 - newsletter.utils.api_utils - ERROR - Error generating video summary: Invalid YouTube URL
2025-01-12 10:16:09,777 - newsletter.utils.api_utils - ERROR - Error generating video summary: Invalid YouTube URL
2025-01-12 10:16:39,705 - uvicorn.error - INFO - Started server process [3236347]
2025-01-12 10:16:39,708 - uvicorn.error - INFO - Waiting for application startup.
2025-01-12 10:16:39,712 - uvicorn.error - INFO - Application startup complete.
2025-01-12 10:16:52,644 - newsletter.utils.api_utils - ERROR - Error generating video summary: Invalid YouTube URL
2025-01-12 10:17:03,378 - uvicorn.error - INFO - Shutting down
2025-01-12 10:17:03,481 - uvicorn.error - INFO - Finished server process [3236347]
2025-01-12 10:17:03,498 - uvicorn.error - ERROR - Traceback (most recent call last):
  File "/home/onr/.cache/pypoetry/virtualenvs/crypto-sentiment-mTTGsqZd-py3.10/lib/python3.10/site-packages/starlette/routing.py", line 624, in lifespan
    await receive()
  File "/home/onr/.cache/pypoetry/virtualenvs/crypto-sentiment-mTTGsqZd-py3.10/lib/python3.10/site-packages/uvicorn/lifespan/on.py", line 135, in receive
    return await self.receive_queue.get()
  File "/usr/lib/python3.10/asyncio/queues.py", line 159, in get
    await getter
asyncio.exceptions.CancelledError

2025-01-12 10:17:15,880 - uvicorn.error - INFO - Started server process [3237487]
2025-01-12 10:17:15,884 - uvicorn.error - INFO - Waiting for application startup.
2025-01-12 10:17:15,886 - uvicorn.error - INFO - Application startup complete.
2025-01-12 10:17:32,008 - newsletter.utils.api_utils - ERROR - Error generating video summary: Invalid YouTube URL
2025-01-12 10:17:36,500 - uvicorn.error - INFO - Shutting down
2025-01-12 10:17:36,602 - uvicorn.error - INFO - Finished server process [3237487]
2025-01-12 10:17:36,608 - uvicorn.error - ERROR - Traceback (most recent call last):
  File "/home/onr/.cache/pypoetry/virtualenvs/crypto-sentiment-mTTGsqZd-py3.10/lib/python3.10/site-packages/starlette/routing.py", line 624, in lifespan
    await receive()
  File "/home/onr/.cache/pypoetry/virtualenvs/crypto-sentiment-mTTGsqZd-py3.10/lib/python3.10/site-packages/uvicorn/lifespan/on.py", line 135, in receive
    return await self.receive_queue.get()
  File "/usr/lib/python3.10/asyncio/queues.py", line 159, in get
    await getter
asyncio.exceptions.CancelledError

2025-01-12 10:18:39,698 - uvicorn.error - INFO - Started server process [3239799]
2025-01-12 10:18:39,700 - uvicorn.error - INFO - Waiting for application startup.
2025-01-12 10:18:39,705 - uvicorn.error - INFO - Application startup complete.
2025-01-12 10:18:39,708 - uvicorn.error - INFO - Uvicorn running on http://127.0.0.1:8000 (Press CTRL+C to quit)
2025-01-12 10:19:16,611 - uvicorn.error - INFO - Started server process [3241045]
2025-01-12 10:19:16,613 - uvicorn.error - INFO - Waiting for application startup.
2025-01-12 10:19:16,617 - uvicorn.error - INFO - Application startup complete.
2025-01-12 10:19:16,620 - uvicorn.error - INFO - Uvicorn running on http://127.0.0.1:8000 (Press CTRL+C to quit)
